Vivado Simulator v2021.2
Copyright 1986-1999, 2001-2021 Xilinx, Inc. All Rights Reserved.
Running: C:/Xilinx/Vivado/2021.2/bin/unwrapped/win64.o/xelab.exe --incr --debug typical --relax --mt 2 -L xil_defaultlib -L xlconstant_v1_1_7 -L unisims_ver -L unimacro_ver -L secureip -L xpm --snapshot design_1_wrapper_tb_behav xil_defaultlib.design_1_wrapper_tb xil_defaultlib.glbl -log elaborate.log 
Using 2 slave threads.
Starting static elaboration
Pass Through NonSizing Optimizer
WARNING: [VRFC 10-3091] actual bit length 24 differs from formal bit length 23 for port 'input0' [C:/Users/USER/Documents/Vivado_pro/Session_3/FIR Fileter Pipeline/project_FIR/project_2.srcs/sources_1/new/FIR_Direct_Form_IV.v:99]
Completed static elaboration
Starting simulation data flow analysis
Completed simulation data flow analysis
Time Resolution for simulation is 1ps
Compiling module xil_defaultlib.Register_nbit
Compiling module xil_defaultlib.Register_nbit(num_bit=23)
Compiling module xil_defaultlib.Mul_nbit
Compiling module xil_defaultlib.Adder_nbit
Compiling module xil_defaultlib.FIR_Direct_Form_IV_default
Compiling module xil_defaultlib.design_1_FIR_Direct_Form_IV_0_0
Compiling module xlconstant_v1_1_7.xlconstant_v1_1_7_xlconstant(CON...
Compiling module xil_defaultlib.design_1_xlconstant_0_0
Compiling module xil_defaultlib.design_1
Compiling module xil_defaultlib.design_1_wrapper
Compiling module xil_defaultlib.design_1_wrapper_tb
Compiling module xil_defaultlib.glbl
Built simulation snapshot design_1_wrapper_tb_behav
