#-----------------------------------------------------------
# Vivado v2021.2 (64-bit)
# SW Build 3367213 on Tue Oct 19 02:48:09 MDT 2021
# IP Build 3369179 on Thu Oct 21 08:25:16 MDT 2021
# Start of session at: Wed Jan  8 16:01:11 2025
# Process ID: 1976
# Current directory: C:/Users/USER/Documents/Vivado_pro/Session_2/FIR Fileter/project_FIR
# Command line: vivado.exe -gui_launcher_event rodinguilauncherevent4420 C:\Users\USER\Documents\Vivado_pro\Session_2\FIR Fileter\project_FIR\project_2.xpr
# Log file: C:/Users/USER/Documents/Vivado_pro/Session_2/FIR Fileter/project_FIR/vivado.log
# Journal file: C:/Users/USER/Documents/Vivado_pro/Session_2/FIR Fileter/project_FIR\vivado.jou
# Running On: digitalWindows, OS: Windows, CPU Frequency: 1992 MHz, CPU Physical cores: 4, Host memory: 17057 MB
#-----------------------------------------------------------
start_gui
open_project {C:/Users/USER/Documents/Vivado_pro/Session_2/FIR Fileter/project_FIR/project_2.xpr}
WARNING: [Board 49-26] cannot add Board Part xilinx.com:vck190_es:part0:1.3 available at C:/Xilinx/Vivado/2021.2/data/xhub/boards/XilinxBoardStore/boards/Xilinx/vck190/es/1.3/board.xml as part xcvc1902-vsva2197-2mp-e-s-es1 specified in board_part file is either invalid or not available
WARNING: [Board 49-26] cannot add Board Part xilinx.com:vmk180_es:part0:1.3 available at C:/Xilinx/Vivado/2021.2/data/xhub/boards/XilinxBoardStore/boards/Xilinx/vmk180/es/1.3/board.xml as part xcvm1802-vsva2197-2mp-e-s-es1 specified in board_part file is either invalid or not available
WARNING: [Board 49-26] cannot add Board Part xilinx.com:vpk120_es:part0:1.2 available at C:/Xilinx/Vivado/2021.2/data/xhub/boards/XilinxBoardStore/boards/Xilinx/vpk120/es/1.2/board.xml as part xcvp1202-vsva2785-2mp-e-s-es1 specified in board_part file is either invalid or not available
WARNING: [Board 49-26] cannot add Board Part xilinx.com:zcu208_es:part0:1.0 available at C:/Xilinx/Vivado/2021.2/data/xhub/boards/XilinxBoardStore/boards/Xilinx/zcu208/es/1.0/board.xml as part xczu48dr-fsvg1517-2-e-es1 specified in board_part file is either invalid or not available
WARNING: [Board 49-26] cannot add Board Part xilinx.com:zcu208_es:part0:1.1 available at C:/Xilinx/Vivado/2021.2/data/xhub/boards/XilinxBoardStore/boards/Xilinx/zcu208/es/1.1/board.xml as part xczu48dr-fsvg1517-2-e-es1 specified in board_part file is either invalid or not available
WARNING: [Board 49-26] cannot add Board Part xilinx.com:zcu208_es:part0:1.2 available at C:/Xilinx/Vivado/2021.2/data/xhub/boards/XilinxBoardStore/boards/Xilinx/zcu208/es/1.2/board.xml as part xczu48dr-fsvg1517-2-e-es1 specified in board_part file is either invalid or not available
WARNING: [Board 49-26] cannot add Board Part xilinx.com:zcu208ld:part0:2.0 available at C:/Xilinx/Vivado/2021.2/data/xhub/boards/XilinxBoardStore/boards/Xilinx/zcu208ld/production/2.0/board.xml as part xczu58dr-fsvg1517-2-i specified in board_part file is either invalid or not available
WARNING: [Board 49-26] cannot add Board Part xilinx.com:zcu208ld_es:part0:1.0 available at C:/Xilinx/Vivado/2021.2/data/xhub/boards/XilinxBoardStore/boards/Xilinx/zcu208ld/es/1.0/board.xml as part xczu58dr-fsvg1517-2-i-es1 specified in board_part file is either invalid or not available
WARNING: [Board 49-26] cannot add Board Part xilinx.com:zcu216_es:part0:1.0 available at C:/Xilinx/Vivado/2021.2/data/xhub/boards/XilinxBoardStore/boards/Xilinx/zcu216/es/1.0/board.xml as part xczu49dr-ffvf1760-2-e-es1 specified in board_part file is either invalid or not available
WARNING: [Board 49-26] cannot add Board Part xilinx.com:zcu216_es:part0:1.1 available at C:/Xilinx/Vivado/2021.2/data/xhub/boards/XilinxBoardStore/boards/Xilinx/zcu216/es/1.1/board.xml as part xczu49dr-ffvf1760-2-e-es1 specified in board_part file is either invalid or not available
WARNING: [Board 49-26] cannot add Board Part xilinx.com:zcu216_es:part0:1.2 available at C:/Xilinx/Vivado/2021.2/data/xhub/boards/XilinxBoardStore/boards/Xilinx/zcu216/es/1.2/board.xml as part xczu49dr-ffvf1760-2-e-es1 specified in board_part file is either invalid or not available
WARNING: [Board 49-26] cannot add Board Part xilinx.com:zcu216ld:part0:2.0 available at C:/Xilinx/Vivado/2021.2/data/xhub/boards/XilinxBoardStore/boards/Xilinx/zcu216ld/production/2.0/board.xml as part xczu59dr-ffvf1760-2-i specified in board_part file is either invalid or not available
WARNING: [Board 49-26] cannot add Board Part xilinx.com:zcu216ld_es:part0:1.0 available at C:/Xilinx/Vivado/2021.2/data/xhub/boards/XilinxBoardStore/boards/Xilinx/zcu216ld/es/1.0/board.xml as part xczu59dr-ffvf1760-2-i-es1 specified in board_part file is either invalid or not available
WARNING: [Board 49-26] cannot add Board Part xilinx.com:zcu670:part0:1.0 available at C:/Xilinx/Vivado/2021.2/data/xhub/boards/XilinxBoardStore/boards/Xilinx/zcu670/1.0/board.xml as part xczu67dr-fsve1156-2-i specified in board_part file is either invalid or not available
INFO: [Project 1-313] Project file moved from 'C:/Users/USER/Documents/Vivado_pro/Session_2/project_2' since last save.
Scanning sources...
Finished scanning sources
INFO: [IP_Flow 19-234] Refreshing IP repositories
INFO: [IP_Flow 19-1704] No user IP repositories specified
INFO: [IP_Flow 19-2313] Loaded Vivado IP repository 'C:/Xilinx/Vivado/2021.2/data/ip'.
open_project: Time (s): cpu = 00:00:22 ; elapsed = 00:00:10 . Memory (MB): peak = 1446.059 ; gain = 0.000
update_compile_order -fileset sources_1
launch_simulation
Command: launch_simulation 
INFO: [Vivado 12-12493] Simulation top is 'design_1_wrapper_tb'
WARNING: [Vivado 12-12986] Compiled library path does not exist: ''
INFO: [Runs 36-567] Checking/generating simulation output products for IPs/BDs (if any)...
INFO: [Vivado 12-5682] Launching behavioral simulation in 'C:/Users/USER/Documents/Vivado_pro/Session_2/FIR Fileter/project_FIR/project_2.sim/sim_1/behav/xsim'
INFO: [Vivado 12-4795] Using compiled simulation libraries for IPs
INFO: [SIM-utils-51] Simulation object is 'sim_1'
INFO: [SIM-utils-72] Using boost library from 'C:/Xilinx/Vivado/2021.2/tps/boost_1_72_0'
INFO: [USF-XSim-7] Finding pre-compiled libraries...
INFO: [USF-XSim-11] File 'C:/Xilinx/Vivado/2021.2/data/xsim/xsim.ini' copied to run dir:'C:/Users/USER/Documents/Vivado_pro/Session_2/FIR Fileter/project_FIR/project_2.sim/sim_1/behav/xsim'
INFO: [SIM-utils-54] Inspecting design source files for 'design_1_wrapper_tb' in fileset 'sim_1'...
INFO: [USF-XSim-97] Finding global include files...
INFO: [USF-XSim-98] Fetching design files from 'sim_1'...
INFO: [USF-XSim-2] XSim::Compile design
INFO: [USF-XSim-61] Executing 'COMPILE and ANALYZE' step in 'C:/Users/USER/Documents/Vivado_pro/Session_2/FIR Fileter/project_FIR/project_2.sim/sim_1/behav/xsim'
"xvlog --incr --relax -prj design_1_wrapper_tb_vlog.prj"
INFO: [VRFC 10-2263] Analyzing Verilog file "C:/Users/USER/Documents/Vivado_pro/Session_2/FIR Fileter/project_FIR/project_2.srcs/sources_1/new/Adder_nbit.v" into library xil_defaultlib
INFO: [VRFC 10-311] analyzing module Adder_nbit
INFO: [VRFC 10-2263] Analyzing Verilog file "C:/Users/USER/Documents/Vivado_pro/Session_2/FIR Fileter/project_FIR/project_2.srcs/sources_1/new/Mul_nbit.v" into library xil_defaultlib
INFO: [VRFC 10-311] analyzing module Mul_nbit
INFO: [VRFC 10-2263] Analyzing Verilog file "C:/Users/USER/Documents/Vivado_pro/Session_2/FIR Fileter/project_FIR/project_2.srcs/sources_1/new/Register_nbit.v" into library xil_defaultlib
INFO: [VRFC 10-311] analyzing module Register_nbit
INFO: [VRFC 10-2263] Analyzing Verilog file "C:/Users/USER/Documents/Vivado_pro/Session_2/FIR Fileter/project_FIR/project_2.srcs/sources_1/new/FIR_Direct_Form_IV.v" into library xil_defaultlib
INFO: [VRFC 10-311] analyzing module FIR_Direct_Form_IV
WARNING: [VRFC 10-2379] empty port in module declaration [C:/Users/USER/Documents/Vivado_pro/Session_2/FIR Fileter/project_FIR/project_2.srcs/sources_1/new/FIR_Direct_Form_IV.v:17]
INFO: [VRFC 10-2263] Analyzing Verilog file "C:/Users/USER/Documents/Vivado_pro/Session_2/FIR Fileter/project_FIR/project_2.ip_user_files/bd/design_1/ip/design_1_xlconstant_0_0/sim/design_1_xlconstant_0_0.v" into library xil_defaultlib
INFO: [VRFC 10-311] analyzing module design_1_xlconstant_0_0
INFO: [VRFC 10-2263] Analyzing Verilog file "C:/Users/USER/Documents/Vivado_pro/Session_2/FIR Fileter/project_FIR/project_2.ip_user_files/bd/design_1/ip/design_1_FIR_Direct_Form_IV_0_0/sim/design_1_FIR_Direct_Form_IV_0_0.v" into library xil_defaultlib
INFO: [VRFC 10-311] analyzing module design_1_FIR_Direct_Form_IV_0_0
INFO: [VRFC 10-2263] Analyzing Verilog file "C:/Users/USER/Documents/Vivado_pro/Session_2/FIR Fileter/project_FIR/project_2.ip_user_files/bd/design_1/sim/design_1.v" into library xil_defaultlib
INFO: [VRFC 10-311] analyzing module design_1
INFO: [VRFC 10-2263] Analyzing Verilog file "C:/Users/USER/Documents/Vivado_pro/Session_2/FIR Fileter/project_FIR/project_2.gen/sources_1/bd/design_1/hdl/design_1_wrapper.v" into library xil_defaultlib
INFO: [VRFC 10-311] analyzing module design_1_wrapper
INFO: [VRFC 10-2263] Analyzing Verilog file "C:/Users/USER/Documents/Vivado_pro/Session_2/FIR Fileter/project_FIR/project_2.srcs/sim_1/new/design_1_wrapper_tb.v" into library xil_defaultlib
INFO: [VRFC 10-311] analyzing module design_1_wrapper_tb
INFO: [VRFC 10-2263] Analyzing Verilog file "C:/Users/USER/Documents/Vivado_pro/Session_2/FIR Fileter/project_FIR/project_2.sim/sim_1/behav/xsim/glbl.v" into library xil_defaultlib
INFO: [VRFC 10-311] analyzing module glbl
INFO: [USF-XSim-69] 'compile' step finished in '2' seconds
INFO: [USF-XSim-3] XSim::Elaborate design
INFO: [USF-XSim-61] Executing 'ELABORATE' step in 'C:/Users/USER/Documents/Vivado_pro/Session_2/FIR Fileter/project_FIR/project_2.sim/sim_1/behav/xsim'
"xelab --incr --debug typical --relax --mt 2 -L xil_defaultlib -L xlconstant_v1_1_7 -L unisims_ver -L unimacro_ver -L secureip -L xpm --snapshot design_1_wrapper_tb_behav xil_defaultlib.design_1_wrapper_tb xil_defaultlib.glbl -log elaborate.log"
Vivado Simulator v2021.2
Copyright 1986-1999, 2001-2021 Xilinx, Inc. All Rights Reserved.
Running: C:/Xilinx/Vivado/2021.2/bin/unwrapped/win64.o/xelab.exe --incr --debug typical --relax --mt 2 -L xil_defaultlib -L xlconstant_v1_1_7 -L unisims_ver -L unimacro_ver -L secureip -L xpm --snapshot design_1_wrapper_tb_behav xil_defaultlib.design_1_wrapper_tb xil_defaultlib.glbl -log elaborate.log 
Using 2 slave threads.
Starting static elaboration
Pass Through NonSizing Optimizer
WARNING: [VRFC 10-3091] actual bit length 24 differs from formal bit length 23 for port 'input0' [C:/Users/USER/Documents/Vivado_pro/Session_2/FIR Fileter/project_FIR/project_2.srcs/sources_1/new/FIR_Direct_Form_IV.v:82]
Completed static elaboration
Starting simulation data flow analysis
Completed simulation data flow analysis
Time Resolution for simulation is 1ps
Compiling module xil_defaultlib.Register_nbit
Compiling module xil_defaultlib.Mul_nbit
Compiling module xil_defaultlib.Adder_nbit
Compiling module xil_defaultlib.FIR_Direct_Form_IV_default
Compiling module xil_defaultlib.design_1_FIR_Direct_Form_IV_0_0
Compiling module xlconstant_v1_1_7.xlconstant_v1_1_7_xlconstant(CON...
Compiling module xil_defaultlib.design_1_xlconstant_0_0
Compiling module xil_defaultlib.design_1
Compiling module xil_defaultlib.design_1_wrapper
Compiling module xil_defaultlib.design_1_wrapper_tb
Compiling module xil_defaultlib.glbl
Built simulation snapshot design_1_wrapper_tb_behav
INFO: [USF-XSim-69] 'elaborate' step finished in '4' seconds
INFO: [USF-XSim-4] XSim::Simulate design
INFO: [USF-XSim-61] Executing 'SIMULATE' step in 'C:/Users/USER/Documents/Vivado_pro/Session_2/FIR Fileter/project_FIR/project_2.sim/sim_1/behav/xsim'
INFO: [USF-XSim-98] *** Running xsim
   with args "design_1_wrapper_tb_behav -key {Behavioral:sim_1:Functional:design_1_wrapper_tb} -tclbatch {design_1_wrapper_tb.tcl} -protoinst "protoinst_files/design_1.protoinst" -log {simulate.log}"
INFO: [USF-XSim-8] Loading simulator feature
INFO: [Wavedata 42-565] Reading protoinst file protoinst_files/design_1.protoinst
Time resolution is 1 ps
source design_1_wrapper_tb.tcl
# set curr_wave [current_wave_config]
# if { [string length $curr_wave] == 0 } {
#   if { [llength [get_objects]] > 0} {
#     add_wave /
#     set_property needs_save false [current_wave_config]
#   } else {
#      send_msg_id Add_Wave-1 WARNING "No top level signals found. Simulator will start without a wave window. If you want to open a wave window go to 'File->New Waveform Configuration' or type 'create_wave_config' in the TCL console."
#   }
# }
# run 1000ns
INFO: [USF-XSim-96] XSim completed. Design snapshot 'design_1_wrapper_tb_behav' loaded.
INFO: [USF-XSim-97] XSim simulation ran for 1000ns
launch_simulation: Time (s): cpu = 00:00:13 ; elapsed = 00:00:14 . Memory (MB): peak = 1446.059 ; gain = 0.000
close_sim
INFO: [Simtcl 6-16] Simulation closed
open_bd_design {C:/Users/USER/Documents/Vivado_pro/Session_2/FIR Fileter/project_FIR/project_2.srcs/sources_1/bd/design_1/design_1.bd}
Reading block design file <C:/Users/USER/Documents/Vivado_pro/Session_2/FIR Fileter/project_FIR/project_2.srcs/sources_1/bd/design_1/design_1.bd>...
Adding component instance block -- xilinx.com:ip:xlconstant:1.1 - xlconstant_0
Adding component instance block -- xilinx.com:module_ref:FIR_Direct_Form_IV:1.0 - FIR_Direct_Form_IV_0
Successfully read diagram <design_1> from block design file <C:/Users/USER/Documents/Vivado_pro/Session_2/FIR Fileter/project_FIR/project_2.srcs/sources_1/bd/design_1/design_1.bd>
regenerate_bd_layout
close_bd_design [get_bd_designs design_1]
Wrote  : <C:/Users/USER/Documents/Vivado_pro/Session_2/FIR Fileter/project_FIR/project_2.srcs/sources_1/bd/design_1/ui/bd_1f5defd0.ui> 
exit
INFO: [Common 17-206] Exiting Vivado at Wed Jan  8 16:05:50 2025...
